<?xml version="1.0" encoding="UTF-8"?>
<testsuite xmlns:xsi="http://www.w3.org/2001/XMLSchema-instance" xsi:noNamespaceSchemaLocation="https://maven.apache.org/surefire/maven-surefire-plugin/xsd/surefire-test-report-3.0.xsd" version="3.0" name="org.example.NumberUtilsTest" time="0.043" tests="14" errors="0" skipped="0" failures="0">
  <properties>
    <property name="java.specification.version" value="23"/>
    <property name="sun.jnu.encoding" value="UTF-8"/>
    <property name="java.class.path" value="/Users/lilykerr/Desktop/MutationNumberUtils/target/test-classes:/Users/lilykerr/Desktop/MutationNumberUtils/target/classes:/Users/lilykerr/.m2/repository/org/junit/jupiter/junit-jupiter-api/5.11.0/junit-jupiter-api-5.11.0.jar:/Users/lilykerr/.m2/repository/org/opentest4j/opentest4j/1.3.0/opentest4j-1.3.0.jar:/Users/lilykerr/.m2/repository/org/junit/platform/junit-platform-commons/1.11.0/junit-platform-commons-1.11.0.jar:/Users/lilykerr/.m2/repository/org/apiguardian/apiguardian-api/1.1.2/apiguardian-api-1.1.2.jar:/Users/lilykerr/.m2/repository/org/junit/jupiter/junit-jupiter-engine/5.11.0/junit-jupiter-engine-5.11.0.jar:/Users/lilykerr/.m2/repository/org/junit/platform/junit-platform-engine/1.11.0/junit-platform-engine-1.11.0.jar:/Users/lilykerr/.m2/repository/org/junit/jupiter/junit-jupiter-params/5.11.0/junit-jupiter-params-5.11.0.jar:/Users/lilykerr/.m2/repository/org/assertj/assertj-core/3.26.3/assertj-core-3.26.3.jar:/Users/lilykerr/.m2/repository/net/bytebuddy/byte-buddy/1.14.18/byte-buddy-1.14.18.jar:/Users/lilykerr/.m2/repository/org/pitest/pitest-junit5-plugin/1.2.0/pitest-junit5-plugin-1.2.0.jar:/Users/lilykerr/.m2/repository/org/junit/platform/junit-platform-launcher/1.9.2/junit-platform-launcher-1.9.2.jar:"/>
    <property name="java.vm.vendor" value="Homebrew"/>
    <property name="sun.arch.data.model" value="64"/>
    <property name="java.vendor.url" value="https://github.com/Homebrew/homebrew-core/issues"/>
    <property name="os.name" value="Mac OS X"/>
    <property name="java.vm.specification.version" value="23"/>
    <property name="sun.java.launcher" value="SUN_STANDARD"/>
    <property name="user.country" value="US"/>
    <property name="sun.boot.library.path" value="/opt/homebrew/Cellar/openjdk/23.0.2/libexec/openjdk.jdk/Contents/Home/lib"/>
    <property name="sun.java.command" value="/Users/lilykerr/Desktop/MutationNumberUtils/target/surefire/surefirebooter-20250220000429573_3.jar /Users/lilykerr/Desktop/MutationNumberUtils/target/surefire 2025-02-20T00-04-29_520-jvmRun1 surefire-20250220000429573_1tmp surefire_0-20250220000429573_2tmp"/>
    <property name="http.nonProxyHosts" value="local|*.local|169.254/16|*.169.254/16"/>
    <property name="jdk.debug" value="release"/>
    <property name="surefire.test.class.path" value="/Users/lilykerr/Desktop/MutationNumberUtils/target/test-classes:/Users/lilykerr/Desktop/MutationNumberUtils/target/classes:/Users/lilykerr/.m2/repository/org/junit/jupiter/junit-jupiter-api/5.11.0/junit-jupiter-api-5.11.0.jar:/Users/lilykerr/.m2/repository/org/opentest4j/opentest4j/1.3.0/opentest4j-1.3.0.jar:/Users/lilykerr/.m2/repository/org/junit/platform/junit-platform-commons/1.11.0/junit-platform-commons-1.11.0.jar:/Users/lilykerr/.m2/repository/org/apiguardian/apiguardian-api/1.1.2/apiguardian-api-1.1.2.jar:/Users/lilykerr/.m2/repository/org/junit/jupiter/junit-jupiter-engine/5.11.0/junit-jupiter-engine-5.11.0.jar:/Users/lilykerr/.m2/repository/org/junit/platform/junit-platform-engine/1.11.0/junit-platform-engine-1.11.0.jar:/Users/lilykerr/.m2/repository/org/junit/jupiter/junit-jupiter-params/5.11.0/junit-jupiter-params-5.11.0.jar:/Users/lilykerr/.m2/repository/org/assertj/assertj-core/3.26.3/assertj-core-3.26.3.jar:/Users/lilykerr/.m2/repository/net/bytebuddy/byte-buddy/1.14.18/byte-buddy-1.14.18.jar:/Users/lilykerr/.m2/repository/org/pitest/pitest-junit5-plugin/1.2.0/pitest-junit5-plugin-1.2.0.jar:/Users/lilykerr/.m2/repository/org/junit/platform/junit-platform-launcher/1.9.2/junit-platform-launcher-1.9.2.jar:"/>
    <property name="sun.cpu.endian" value="little"/>
    <property name="user.home" value="/Users/lilykerr"/>
    <property name="user.language" value="en"/>
    <property name="java.specification.vendor" value="Oracle Corporation"/>
    <property name="java.version.date" value="2025-01-21"/>
    <property name="java.home" value="/opt/homebrew/Cellar/openjdk/23.0.2/libexec/openjdk.jdk/Contents/Home"/>
    <property name="file.separator" value="/"/>
    <property name="basedir" value="/Users/lilykerr/Desktop/MutationNumberUtils"/>
    <property name="java.vm.compressedOopsMode" value="Zero based"/>
    <property name="line.separator" value="&#10;"/>
    <property name="java.vm.specification.vendor" value="Oracle Corporation"/>
    <property name="java.specification.name" value="Java Platform API Specification"/>
    <property name="apple.awt.application.name" value="ForkedBooter"/>
    <property name="surefire.real.class.path" value="/Users/lilykerr/Desktop/MutationNumberUtils/target/surefire/surefirebooter-20250220000429573_3.jar"/>
    <property name="sun.management.compiler" value="HotSpot 64-Bit Tiered Compilers"/>
    <property name="ftp.nonProxyHosts" value="local|*.local|169.254/16|*.169.254/16"/>
    <property name="java.runtime.version" value="23.0.2"/>
    <property name="user.name" value="lilykerr"/>
    <property name="stdout.encoding" value="UTF-8"/>
    <property name="path.separator" value=":"/>
    <property name="os.version" value="15.0.1"/>
    <property name="java.runtime.name" value="OpenJDK Runtime Environment"/>
    <property name="file.encoding" value="UTF-8"/>
    <property name="java.vm.name" value="OpenJDK 64-Bit Server VM"/>
    <property name="java.vendor.version" value="Homebrew"/>
    <property name="localRepository" value="/Users/lilykerr/.m2/repository"/>
    <property name="java.vendor.url.bug" value="https://github.com/Homebrew/homebrew-core/issues"/>
    <property name="java.io.tmpdir" value="/var/folders/9x/m93z8s4d78nf4hqmdcqsq5j80000gn/T/"/>
    <property name="java.version" value="23.0.2"/>
    <property name="user.dir" value="/Users/lilykerr/Desktop/MutationNumberUtils"/>
    <property name="os.arch" value="aarch64"/>
    <property name="java.vm.specification.name" value="Java Virtual Machine Specification"/>
    <property name="native.encoding" value="UTF-8"/>
    <property name="java.library.path" value="/Users/lilykerr/Library/Java/Extensions:/Library/Java/Extensions:/Network/Library/Java/Extensions:/System/Library/Java/Extensions:/usr/lib/java:."/>
    <property name="java.vm.info" value="mixed mode, sharing"/>
    <property name="stderr.encoding" value="UTF-8"/>
    <property name="java.vendor" value="Homebrew"/>
    <property name="java.vm.version" value="23.0.2"/>
    <property name="sun.io.unicode.encoding" value="UnicodeBig"/>
    <property name="socksNonProxyHosts" value="local|*.local|169.254/16|*.169.254/16"/>
    <property name="java.class.version" value="67.0"/>
  </properties>
  <testcase name="testOneNullInput" classname="org.example.NumberUtilsTest" time="0.014"/>
  <testcase name="testLeftListLongerThanRight" classname="org.example.NumberUtilsTest" time="0.002"/>
  <testcase name="testBothListsValidMixedDigits" classname="org.example.NumberUtilsTest" time="0.001"/>
  <testcase name="testBothListsValidDoubleDigits" classname="org.example.NumberUtilsTest" time="0.001"/>
  <testcase name="testOneListInvalid" classname="org.example.NumberUtilsTest" time="0.001"/>
  <testcase name="testBothListsInvalid" classname="org.example.NumberUtilsTest" time="0.0"/>
  <testcase name="testOneListEmpty" classname="org.example.NumberUtilsTest" time="0.0"/>
  <testcase name="testBothListsValidSingleDigits" classname="org.example.NumberUtilsTest" time="0.0"/>
  <testcase name="testRemoveLeadingZeroesEdgeCase" classname="org.example.NumberUtilsTest" time="0.0"/>
  <testcase name="testNegativeSumThrowsException" classname="org.example.NumberUtilsTest" time="0.0"/>
  <testcase name="testBothListsEmpty" classname="org.example.NumberUtilsTest" time="0.0"/>
  <testcase name="testCarryOverMultipleDigits" classname="org.example.NumberUtilsTest" time="0.001"/>
  <testcase name="testRightListLongerThanLeft" classname="org.example.NumberUtilsTest" time="0.001"/>
  <testcase name="testTwoNullInputs" classname="org.example.NumberUtilsTest" time="0.001"/>
</testsuite>